2024-10-18 11:24:18,453 [Worker-4: Loading available Gradle versions] INFO  o.e.b.c.i.u.g.PublishedGradleVersions - Gradle version information cache is up-to-date. Trying to read.
2024-10-18 11:27:43,379 [Worker-15: Launching mavenrun-c94cc918-44c9-4ec5-ab8e-ece6075b89d6] INFO  o.eclipse.m2e.core.internal.Bundles - getClasspathEntries(Bundle=org.eclipse.m2e.maven.runtime_3.9.700.20240602-2313 [644])
2024-10-18 11:27:43,386 [Worker-15: Launching mavenrun-c94cc918-44c9-4ec5-ab8e-ece6075b89d6] INFO  o.eclipse.m2e.core.internal.Bundles - 	Entry: C:\Users\91990\.p2\pool\plugins\org.eclipse.m2e.maven.runtime_3.9.700.20240602-2313
2024-10-18 11:27:43,386 [Worker-15: Launching mavenrun-c94cc918-44c9-4ec5-ab8e-ece6075b89d6] INFO  o.eclipse.m2e.core.internal.Bundles - 	Entry: C:\Users\91990\.p2\pool\plugins\org.eclipse.m2e.maven.runtime_3.9.700.20240602-2313\jars\aopalliance-1.0.jar
2024-10-18 11:27:43,387 [Worker-15: Launching mavenrun-c94cc918-44c9-4ec5-ab8e-ece6075b89d6] INFO  o.eclipse.m2e.core.internal.Bundles - 	Entry: C:\Users\91990\.p2\pool\plugins\org.eclipse.m2e.maven.runtime_3.9.700.20240602-2313\jars\guice-5.1.0.jar
2024-10-18 11:27:43,387 [Worker-15: Launching mavenrun-c94cc918-44c9-4ec5-ab8e-ece6075b89d6] INFO  o.eclipse.m2e.core.internal.Bundles - 	Entry: C:\Users\91990\.p2\pool\plugins\org.eclipse.m2e.maven.runtime_3.9.700.20240602-2313\jars\httpclient-4.5.14.jar
2024-10-18 11:27:43,387 [Worker-15: Launching mavenrun-c94cc918-44c9-4ec5-ab8e-ece6075b89d6] INFO  o.eclipse.m2e.core.internal.Bundles - 	Entry: C:\Users\91990\.p2\pool\plugins\org.eclipse.m2e.maven.runtime_3.9.700.20240602-2313\jars\httpcore-4.4.16.jar
2024-10-18 11:27:43,388 [Worker-15: Launching mavenrun-c94cc918-44c9-4ec5-ab8e-ece6075b89d6] INFO  o.eclipse.m2e.core.internal.Bundles - 	Entry: C:\Users\91990\.p2\pool\plugins\org.eclipse.m2e.maven.runtime_3.9.700.20240602-2313\jars\jansi-2.4.1.jar
2024-10-18 11:27:43,388 [Worker-15: Launching mavenrun-c94cc918-44c9-4ec5-ab8e-ece6075b89d6] INFO  o.eclipse.m2e.core.internal.Bundles - 	Entry: C:\Users\91990\.p2\pool\plugins\org.eclipse.m2e.maven.runtime_3.9.700.20240602-2313\jars\jcl-over-slf4j-1.7.36.jar
2024-10-18 11:27:43,388 [Worker-15: Launching mavenrun-c94cc918-44c9-4ec5-ab8e-ece6075b89d6] INFO  o.eclipse.m2e.core.internal.Bundles - 	Entry: C:\Users\91990\.p2\pool\plugins\org.eclipse.m2e.maven.runtime_3.9.700.20240602-2313\jars\maven-artifact-3.9.7.jar
2024-10-18 11:27:43,388 [Worker-15: Launching mavenrun-c94cc918-44c9-4ec5-ab8e-ece6075b89d6] INFO  o.eclipse.m2e.core.internal.Bundles - 	Entry: C:\Users\91990\.p2\pool\plugins\org.eclipse.m2e.maven.runtime_3.9.700.20240602-2313\jars\maven-builder-support-3.9.7.jar
2024-10-18 11:27:43,388 [Worker-15: Launching mavenrun-c94cc918-44c9-4ec5-ab8e-ece6075b89d6] INFO  o.eclipse.m2e.core.internal.Bundles - 	Entry: C:\Users\91990\.p2\pool\plugins\org.eclipse.m2e.maven.runtime_3.9.700.20240602-2313\jars\maven-compat-3.9.7.jar
2024-10-18 11:27:43,389 [Worker-15: Launching mavenrun-c94cc918-44c9-4ec5-ab8e-ece6075b89d6] INFO  o.eclipse.m2e.core.internal.Bundles - 	Entry: C:\Users\91990\.p2\pool\plugins\org.eclipse.m2e.maven.runtime_3.9.700.20240602-2313\jars\maven-core-3.9.7.jar
2024-10-18 11:27:43,389 [Worker-15: Launching mavenrun-c94cc918-44c9-4ec5-ab8e-ece6075b89d6] INFO  o.eclipse.m2e.core.internal.Bundles - 	Entry: C:\Users\91990\.p2\pool\plugins\org.eclipse.m2e.maven.runtime_3.9.700.20240602-2313\jars\maven-embedder-3.9.7.jar
2024-10-18 11:27:43,389 [Worker-15: Launching mavenrun-c94cc918-44c9-4ec5-ab8e-ece6075b89d6] INFO  o.eclipse.m2e.core.internal.Bundles - 	Entry: C:\Users\91990\.p2\pool\plugins\org.eclipse.m2e.maven.runtime_3.9.700.20240602-2313\jars\maven-model-3.9.7.jar
2024-10-18 11:27:43,389 [Worker-15: Launching mavenrun-c94cc918-44c9-4ec5-ab8e-ece6075b89d6] INFO  o.eclipse.m2e.core.internal.Bundles - 	Entry: C:\Users\91990\.p2\pool\plugins\org.eclipse.m2e.maven.runtime_3.9.700.20240602-2313\jars\maven-model-builder-3.9.7.jar
2024-10-18 11:27:43,389 [Worker-15: Launching mavenrun-c94cc918-44c9-4ec5-ab8e-ece6075b89d6] INFO  o.eclipse.m2e.core.internal.Bundles - 	Entry: C:\Users\91990\.p2\pool\plugins\org.eclipse.m2e.maven.runtime_3.9.700.20240602-2313\jars\maven-plugin-api-3.9.7.jar
2024-10-18 11:27:43,390 [Worker-15: Launching mavenrun-c94cc918-44c9-4ec5-ab8e-ece6075b89d6] INFO  o.eclipse.m2e.core.internal.Bundles - 	Entry: C:\Users\91990\.p2\pool\plugins\org.eclipse.m2e.maven.runtime_3.9.700.20240602-2313\jars\maven-repository-metadata-3.9.7.jar
2024-10-18 11:27:43,390 [Worker-15: Launching mavenrun-c94cc918-44c9-4ec5-ab8e-ece6075b89d6] INFO  o.eclipse.m2e.core.internal.Bundles - 	Entry: C:\Users\91990\.p2\pool\plugins\org.eclipse.m2e.maven.runtime_3.9.700.20240602-2313\jars\maven-resolver-api-1.9.20.jar
2024-10-18 11:27:43,390 [Worker-15: Launching mavenrun-c94cc918-44c9-4ec5-ab8e-ece6075b89d6] INFO  o.eclipse.m2e.core.internal.Bundles - 	Entry: C:\Users\91990\.p2\pool\plugins\org.eclipse.m2e.maven.runtime_3.9.700.20240602-2313\jars\maven-resolver-connector-basic-1.9.20.jar
2024-10-18 11:27:43,391 [Worker-15: Launching mavenrun-c94cc918-44c9-4ec5-ab8e-ece6075b89d6] INFO  o.eclipse.m2e.core.internal.Bundles - 	Entry: C:\Users\91990\.p2\pool\plugins\org.eclipse.m2e.maven.runtime_3.9.700.20240602-2313\jars\maven-resolver-impl-1.9.20.jar
2024-10-18 11:27:43,394 [Worker-15: Launching mavenrun-c94cc918-44c9-4ec5-ab8e-ece6075b89d6] INFO  o.eclipse.m2e.core.internal.Bundles - 	Entry: C:\Users\91990\.p2\pool\plugins\org.eclipse.m2e.maven.runtime_3.9.700.20240602-2313\jars\maven-resolver-named-locks-1.9.20.jar
2024-10-18 11:27:43,395 [Worker-15: Launching mavenrun-c94cc918-44c9-4ec5-ab8e-ece6075b89d6] INFO  o.eclipse.m2e.core.internal.Bundles - 	Entry: C:\Users\91990\.p2\pool\plugins\org.eclipse.m2e.maven.runtime_3.9.700.20240602-2313\jars\maven-resolver-provider-3.9.7.jar
2024-10-18 11:27:43,395 [Worker-15: Launching mavenrun-c94cc918-44c9-4ec5-ab8e-ece6075b89d6] INFO  o.eclipse.m2e.core.internal.Bundles - 	Entry: C:\Users\91990\.p2\pool\plugins\org.eclipse.m2e.maven.runtime_3.9.700.20240602-2313\jars\maven-resolver-spi-1.9.20.jar
2024-10-18 11:27:43,396 [Worker-15: Launching mavenrun-c94cc918-44c9-4ec5-ab8e-ece6075b89d6] INFO  o.eclipse.m2e.core.internal.Bundles - 	Entry: C:\Users\91990\.p2\pool\plugins\org.eclipse.m2e.maven.runtime_3.9.700.20240602-2313\jars\maven-resolver-transport-file-1.9.20.jar
2024-10-18 11:27:43,396 [Worker-15: Launching mavenrun-c94cc918-44c9-4ec5-ab8e-ece6075b89d6] INFO  o.eclipse.m2e.core.internal.Bundles - 	Entry: C:\Users\91990\.p2\pool\plugins\org.eclipse.m2e.maven.runtime_3.9.700.20240602-2313\jars\maven-resolver-transport-http-1.9.20.jar
2024-10-18 11:27:43,396 [Worker-15: Launching mavenrun-c94cc918-44c9-4ec5-ab8e-ece6075b89d6] INFO  o.eclipse.m2e.core.internal.Bundles - 	Entry: C:\Users\91990\.p2\pool\plugins\org.eclipse.m2e.maven.runtime_3.9.700.20240602-2313\jars\maven-resolver-transport-wagon-1.9.20.jar
2024-10-18 11:27:43,396 [Worker-15: Launching mavenrun-c94cc918-44c9-4ec5-ab8e-ece6075b89d6] INFO  o.eclipse.m2e.core.internal.Bundles - 	Entry: C:\Users\91990\.p2\pool\plugins\org.eclipse.m2e.maven.runtime_3.9.700.20240602-2313\jars\maven-resolver-util-1.9.20.jar
2024-10-18 11:27:43,397 [Worker-15: Launching mavenrun-c94cc918-44c9-4ec5-ab8e-ece6075b89d6] INFO  o.eclipse.m2e.core.internal.Bundles - 	Entry: C:\Users\91990\.p2\pool\plugins\org.eclipse.m2e.maven.runtime_3.9.700.20240602-2313\jars\maven-settings-3.9.7.jar
2024-10-18 11:27:43,397 [Worker-15: Launching mavenrun-c94cc918-44c9-4ec5-ab8e-ece6075b89d6] INFO  o.eclipse.m2e.core.internal.Bundles - 	Entry: C:\Users\91990\.p2\pool\plugins\org.eclipse.m2e.maven.runtime_3.9.700.20240602-2313\jars\maven-settings-builder-3.9.7.jar
2024-10-18 11:27:43,397 [Worker-15: Launching mavenrun-c94cc918-44c9-4ec5-ab8e-ece6075b89d6] INFO  o.eclipse.m2e.core.internal.Bundles - 	Entry: C:\Users\91990\.p2\pool\plugins\org.eclipse.m2e.maven.runtime_3.9.700.20240602-2313\jars\maven-shared-utils-3.4.2.jar
2024-10-18 11:27:43,397 [Worker-15: Launching mavenrun-c94cc918-44c9-4ec5-ab8e-ece6075b89d6] INFO  o.eclipse.m2e.core.internal.Bundles - 	Entry: C:\Users\91990\.p2\pool\plugins\org.eclipse.m2e.maven.runtime_3.9.700.20240602-2313\jars\org.eclipse.sisu.inject-0.9.0.M2.jar
2024-10-18 11:27:43,397 [Worker-15: Launching mavenrun-c94cc918-44c9-4ec5-ab8e-ece6075b89d6] INFO  o.eclipse.m2e.core.internal.Bundles - 	Entry: C:\Users\91990\.p2\pool\plugins\org.eclipse.m2e.maven.runtime_3.9.700.20240602-2313\jars\org.eclipse.sisu.plexus-0.9.0.M2.jar
2024-10-18 11:27:43,397 [Worker-15: Launching mavenrun-c94cc918-44c9-4ec5-ab8e-ece6075b89d6] INFO  o.eclipse.m2e.core.internal.Bundles - 	Entry: C:\Users\91990\.p2\pool\plugins\org.eclipse.m2e.maven.runtime_3.9.700.20240602-2313\jars\plexus-build-api-0.0.7.jar
2024-10-18 11:27:43,398 [Worker-15: Launching mavenrun-c94cc918-44c9-4ec5-ab8e-ece6075b89d6] INFO  o.eclipse.m2e.core.internal.Bundles - 	Entry: C:\Users\91990\.p2\pool\plugins\org.eclipse.m2e.maven.runtime_3.9.700.20240602-2313\jars\plexus-build-api-1.2.0.jar
2024-10-18 11:27:43,398 [Worker-15: Launching mavenrun-c94cc918-44c9-4ec5-ab8e-ece6075b89d6] INFO  o.eclipse.m2e.core.internal.Bundles - 	Entry: C:\Users\91990\.p2\pool\plugins\org.eclipse.m2e.maven.runtime_3.9.700.20240602-2313\jars\plexus-cipher-2.0.jar
2024-10-18 11:27:43,398 [Worker-15: Launching mavenrun-c94cc918-44c9-4ec5-ab8e-ece6075b89d6] INFO  o.eclipse.m2e.core.internal.Bundles - 	Entry: C:\Users\91990\.p2\pool\plugins\org.eclipse.m2e.maven.runtime_3.9.700.20240602-2313\jars\plexus-classworlds-2.8.0.jar
2024-10-18 11:27:43,398 [Worker-15: Launching mavenrun-c94cc918-44c9-4ec5-ab8e-ece6075b89d6] INFO  o.eclipse.m2e.core.internal.Bundles - 	Entry: C:\Users\91990\.p2\pool\plugins\org.eclipse.m2e.maven.runtime_3.9.700.20240602-2313\jars\plexus-component-annotations-2.1.0.jar
2024-10-18 11:27:43,398 [Worker-15: Launching mavenrun-c94cc918-44c9-4ec5-ab8e-ece6075b89d6] INFO  o.eclipse.m2e.core.internal.Bundles - 	Entry: C:\Users\91990\.p2\pool\plugins\org.eclipse.m2e.maven.runtime_3.9.700.20240602-2313\jars\plexus-interpolation-1.27.jar
2024-10-18 11:27:43,398 [Worker-15: Launching mavenrun-c94cc918-44c9-4ec5-ab8e-ece6075b89d6] INFO  o.eclipse.m2e.core.internal.Bundles - 	Entry: C:\Users\91990\.p2\pool\plugins\org.eclipse.m2e.maven.runtime_3.9.700.20240602-2313\jars\plexus-sec-dispatcher-2.0.jar
2024-10-18 11:27:43,399 [Worker-15: Launching mavenrun-c94cc918-44c9-4ec5-ab8e-ece6075b89d6] INFO  o.eclipse.m2e.core.internal.Bundles - 	Entry: C:\Users\91990\.p2\pool\plugins\org.eclipse.m2e.maven.runtime_3.9.700.20240602-2313\jars\plexus-utils-3.5.1.jar
2024-10-18 11:27:43,399 [Worker-15: Launching mavenrun-c94cc918-44c9-4ec5-ab8e-ece6075b89d6] INFO  o.eclipse.m2e.core.internal.Bundles - 	Entry: C:\Users\91990\.p2\pool\plugins\org.eclipse.m2e.maven.runtime_3.9.700.20240602-2313\jars\wagon-file-3.5.3.jar
2024-10-18 11:27:43,399 [Worker-15: Launching mavenrun-c94cc918-44c9-4ec5-ab8e-ece6075b89d6] INFO  o.eclipse.m2e.core.internal.Bundles - 	Entry: C:\Users\91990\.p2\pool\plugins\org.eclipse.m2e.maven.runtime_3.9.700.20240602-2313\jars\wagon-http-3.5.3.jar
2024-10-18 11:27:43,399 [Worker-15: Launching mavenrun-c94cc918-44c9-4ec5-ab8e-ece6075b89d6] INFO  o.eclipse.m2e.core.internal.Bundles - 	Entry: C:\Users\91990\.p2\pool\plugins\org.eclipse.m2e.maven.runtime_3.9.700.20240602-2313\jars\wagon-http-shared-3.5.3.jar
2024-10-18 11:27:43,399 [Worker-15: Launching mavenrun-c94cc918-44c9-4ec5-ab8e-ece6075b89d6] INFO  o.eclipse.m2e.core.internal.Bundles - 	Entry: C:\Users\91990\.p2\pool\plugins\org.eclipse.m2e.maven.runtime_3.9.700.20240602-2313\jars\wagon-provider-api-3.5.3.jar
2024-10-18 11:27:43,401 [Worker-15: Launching mavenrun-c94cc918-44c9-4ec5-ab8e-ece6075b89d6] INFO  o.eclipse.m2e.core.internal.Bundles - getClasspathEntries(Bundle=com.google.guava_33.2.0.jre [16])
2024-10-18 11:27:43,402 [Worker-15: Launching mavenrun-c94cc918-44c9-4ec5-ab8e-ece6075b89d6] INFO  o.eclipse.m2e.core.internal.Bundles - 	Entry: C:\Users\91990\.p2\pool\plugins\com.google.guava_33.2.0.jre.jar
2024-10-18 11:27:43,402 [Worker-15: Launching mavenrun-c94cc918-44c9-4ec5-ab8e-ece6075b89d6] INFO  o.eclipse.m2e.core.internal.Bundles - getClasspathEntries(Bundle=slf4j.api_2.0.16 [1009])
2024-10-18 11:27:43,403 [Worker-15: Launching mavenrun-c94cc918-44c9-4ec5-ab8e-ece6075b89d6] INFO  o.eclipse.m2e.core.internal.Bundles - 	Entry: C:\Users\91990\.p2\pool\plugins\slf4j.api_2.0.16.jar
2024-10-18 11:27:43,403 [Worker-15: Launching mavenrun-c94cc918-44c9-4ec5-ab8e-ece6075b89d6] INFO  o.eclipse.m2e.core.internal.Bundles - getClasspathEntries(Bundle=jakarta.inject.jakarta.inject-api_1.0.5 [33])
2024-10-18 11:27:43,404 [Worker-15: Launching mavenrun-c94cc918-44c9-4ec5-ab8e-ece6075b89d6] INFO  o.eclipse.m2e.core.internal.Bundles - 	Entry: C:\Users\91990\.p2\pool\plugins\jakarta.inject.jakarta.inject-api_1.0.5.jar
2024-10-18 11:27:43,404 [Worker-15: Launching mavenrun-c94cc918-44c9-4ec5-ab8e-ece6075b89d6] INFO  o.eclipse.m2e.core.internal.Bundles - getClasspathEntries(Bundle=javax.annotation_1.3.5.v20200909-1856 [44])
2024-10-18 11:27:43,404 [Worker-15: Launching mavenrun-c94cc918-44c9-4ec5-ab8e-ece6075b89d6] INFO  o.eclipse.m2e.core.internal.Bundles - 	Entry: C:\Users\91990\.p2\pool\plugins\javax.annotation_1.3.5.v20200909-1856.jar
2024-10-18 11:27:43,404 [Worker-15: Launching mavenrun-c94cc918-44c9-4ec5-ab8e-ece6075b89d6] INFO  o.eclipse.m2e.core.internal.Bundles - getClasspathEntries(Bundle=org.apache.commons.cli_1.8.0 [78])
2024-10-18 11:27:43,405 [Worker-15: Launching mavenrun-c94cc918-44c9-4ec5-ab8e-ece6075b89d6] INFO  o.eclipse.m2e.core.internal.Bundles - 	Entry: C:\Users\91990\.p2\pool\plugins\org.apache.commons.cli_1.8.0.jar
2024-10-18 11:27:43,405 [Worker-15: Launching mavenrun-c94cc918-44c9-4ec5-ab8e-ece6075b89d6] INFO  o.eclipse.m2e.core.internal.Bundles - getClasspathEntries(Bundle=org.apache.commons.commons-codec_1.16.0 [81])
2024-10-18 11:27:43,405 [Worker-15: Launching mavenrun-c94cc918-44c9-4ec5-ab8e-ece6075b89d6] INFO  o.eclipse.m2e.core.internal.Bundles - 	Entry: C:\Users\91990\.p2\pool\plugins\org.apache.commons.commons-codec_1.16.0.jar
2024-10-18 11:27:43,405 [Worker-15: Launching mavenrun-c94cc918-44c9-4ec5-ab8e-ece6075b89d6] INFO  o.eclipse.m2e.core.internal.Bundles - getClasspathEntries(Bundle=org.apache.commons.lang3_3.14.0 [89])
2024-10-18 11:27:43,406 [Worker-15: Launching mavenrun-c94cc918-44c9-4ec5-ab8e-ece6075b89d6] INFO  o.eclipse.m2e.core.internal.Bundles - 	Entry: C:\Users\91990\.p2\pool\plugins\org.apache.commons.lang3_3.14.0.jar
2024-10-18 11:27:43,406 [Worker-15: Launching mavenrun-c94cc918-44c9-4ec5-ab8e-ece6075b89d6] INFO  o.eclipse.m2e.core.internal.Bundles - getClasspathEntries(Bundle=com.google.guava.failureaccess_1.0.2 [17])
2024-10-18 11:27:43,406 [Worker-15: Launching mavenrun-c94cc918-44c9-4ec5-ab8e-ece6075b89d6] INFO  o.eclipse.m2e.core.internal.Bundles - 	Entry: C:\Users\91990\.p2\pool\plugins\com.google.guava.failureaccess_1.0.2.jar
2024-10-18 11:27:43,419 [Worker-15: Launching mavenrun-c94cc918-44c9-4ec5-ab8e-ece6075b89d6] INFO  o.e.m.i.launch.MavenLaunchDelegate - Run build in "C:\Users\91990\AppData\Local\Temp\m2e-archetypeGenerator12159292430646928517":
2024-10-18 11:27:43,427 [Worker-15: Launching mavenrun-c94cc918-44c9-4ec5-ab8e-ece6075b89d6] INFO  o.e.m.i.launch.MavenLaunchDelegate -  mvn  -DarchetypeGroupId=org.apache.maven.archetypes -DarchetypeArtifactId=maven-archetype-webapp -DarchetypeVersion=1.5 -DgroupId=org.jsp -DartifactId=ems -Dversion=0.0.1-SNAPSHOT -Dpackage=org.jsp.ems -DoutputDirectory="C:\Users\91990\Desktop\j2EE test" -Dstyle.color=always -U archetype:generate
2024-10-18 11:28:42,066 [Worker-6: Creating maven-archetype-webapp] INFO  o.e.m.c.i.p.ProjectConfigurationManager - Collecting project info '/pom.xml' C:\Users\91990\Desktop\j2EE test\ems\pom.xml
2024-10-18 11:28:45,681 [Worker-6: Creating maven-archetype-webapp] INFO  o.e.m.c.i.l.LifecycleMappingFactory - Using org.maven.ide.eclipse.wtp.WarLifecycleMapping lifecycle mapping for MavenProject: org.jsp:ems:0.0.1-SNAPSHOT @ C:\Users\91990\Desktop\j2EE test\ems\pom.xml.
2024-10-18 11:28:47,159 [Worker-6: Creating maven-archetype-webapp] INFO  o.e.m.j.i.AbstractJavaProjectConfigurator - Adding source folder /ems/src/main/java
2024-10-18 11:28:47,162 [Worker-6: Creating maven-archetype-webapp] INFO  o.e.m.j.i.AbstractJavaProjectConfigurator - Adding resource folder /ems/src/main/resources
2024-10-18 11:28:47,163 [Worker-6: Creating maven-archetype-webapp] INFO  o.e.m.j.i.AbstractJavaProjectConfigurator - Adding source folder /ems/src/test/java
2024-10-18 11:28:47,164 [Worker-6: Creating maven-archetype-webapp] INFO  o.e.m.j.i.AbstractJavaProjectConfigurator - Adding resource folder /ems/src/test/resources
2024-10-18 11:28:49,772 [Worker-6: Creating maven-archetype-webapp] INFO  o.e.m.c.i.p.ProjectConfigurationManager - Imported and configured 1 project(s) in 7 sec
2024-10-18 11:28:50,570 [Worker-6: Building] INFO  o.a.m.s.f.DefaultMavenResourcesFiltering - skip non existing resourceDirectory C:\Users\91990\Desktop\j2EE test\ems\src\main\resources
2024-10-18 11:28:50,577 [Worker-6: Building] INFO  o.a.m.s.f.DefaultMavenResourcesFiltering - skip non existing resourceDirectory C:\Users\91990\Desktop\j2EE test\ems\src\test\resources
2024-10-18 11:30:10,813 [Worker-12: Building] INFO  o.a.m.s.f.DefaultMavenResourcesFiltering - Copying 0 resource from src\main\resources to target\classes
2024-10-18 11:30:10,820 [Worker-12: Building] INFO  o.a.m.s.f.DefaultMavenResourcesFiltering - Copying 0 resource from src\test\resources to target\test-classes
2024-10-18 11:31:49,969 [Worker-20: Building] INFO  o.a.m.s.f.DefaultMavenResourcesFiltering - Copying 0 resource from src\main\resources to target\classes
2024-10-18 11:31:49,976 [Worker-20: Building] INFO  o.a.m.s.f.DefaultMavenResourcesFiltering - Copying 0 resource from src\test\resources to target\test-classes
2024-10-18 11:33:08,378 [Worker-3: Loading available Gradle versions] INFO  o.e.b.c.i.u.g.PublishedGradleVersions - Gradle version information cache is up-to-date. Trying to read.
2024-10-18 11:34:45,802 [Worker-12: Launching mavenrun-a0d59c00-2e1a-42c6-b833-172c98cbfe9e] INFO  o.eclipse.m2e.core.internal.Bundles - getClasspathEntries(Bundle=org.eclipse.m2e.maven.runtime_3.9.700.20240602-2313 [644])
2024-10-18 11:34:45,809 [Worker-12: Launching mavenrun-a0d59c00-2e1a-42c6-b833-172c98cbfe9e] INFO  o.eclipse.m2e.core.internal.Bundles - 	Entry: C:\Users\91990\.p2\pool\plugins\org.eclipse.m2e.maven.runtime_3.9.700.20240602-2313
2024-10-18 11:34:45,810 [Worker-12: Launching mavenrun-a0d59c00-2e1a-42c6-b833-172c98cbfe9e] INFO  o.eclipse.m2e.core.internal.Bundles - 	Entry: C:\Users\91990\.p2\pool\plugins\org.eclipse.m2e.maven.runtime_3.9.700.20240602-2313\jars\aopalliance-1.0.jar
2024-10-18 11:34:45,810 [Worker-12: Launching mavenrun-a0d59c00-2e1a-42c6-b833-172c98cbfe9e] INFO  o.eclipse.m2e.core.internal.Bundles - 	Entry: C:\Users\91990\.p2\pool\plugins\org.eclipse.m2e.maven.runtime_3.9.700.20240602-2313\jars\guice-5.1.0.jar
2024-10-18 11:34:45,810 [Worker-12: Launching mavenrun-a0d59c00-2e1a-42c6-b833-172c98cbfe9e] INFO  o.eclipse.m2e.core.internal.Bundles - 	Entry: C:\Users\91990\.p2\pool\plugins\org.eclipse.m2e.maven.runtime_3.9.700.20240602-2313\jars\httpclient-4.5.14.jar
2024-10-18 11:34:45,811 [Worker-12: Launching mavenrun-a0d59c00-2e1a-42c6-b833-172c98cbfe9e] INFO  o.eclipse.m2e.core.internal.Bundles - 	Entry: C:\Users\91990\.p2\pool\plugins\org.eclipse.m2e.maven.runtime_3.9.700.20240602-2313\jars\httpcore-4.4.16.jar
2024-10-18 11:34:45,811 [Worker-12: Launching mavenrun-a0d59c00-2e1a-42c6-b833-172c98cbfe9e] INFO  o.eclipse.m2e.core.internal.Bundles - 	Entry: C:\Users\91990\.p2\pool\plugins\org.eclipse.m2e.maven.runtime_3.9.700.20240602-2313\jars\jansi-2.4.1.jar
2024-10-18 11:34:45,811 [Worker-12: Launching mavenrun-a0d59c00-2e1a-42c6-b833-172c98cbfe9e] INFO  o.eclipse.m2e.core.internal.Bundles - 	Entry: C:\Users\91990\.p2\pool\plugins\org.eclipse.m2e.maven.runtime_3.9.700.20240602-2313\jars\jcl-over-slf4j-1.7.36.jar
2024-10-18 11:34:45,811 [Worker-12: Launching mavenrun-a0d59c00-2e1a-42c6-b833-172c98cbfe9e] INFO  o.eclipse.m2e.core.internal.Bundles - 	Entry: C:\Users\91990\.p2\pool\plugins\org.eclipse.m2e.maven.runtime_3.9.700.20240602-2313\jars\maven-artifact-3.9.7.jar
2024-10-18 11:34:45,812 [Worker-12: Launching mavenrun-a0d59c00-2e1a-42c6-b833-172c98cbfe9e] INFO  o.eclipse.m2e.core.internal.Bundles - 	Entry: C:\Users\91990\.p2\pool\plugins\org.eclipse.m2e.maven.runtime_3.9.700.20240602-2313\jars\maven-builder-support-3.9.7.jar
2024-10-18 11:34:45,812 [Worker-12: Launching mavenrun-a0d59c00-2e1a-42c6-b833-172c98cbfe9e] INFO  o.eclipse.m2e.core.internal.Bundles - 	Entry: C:\Users\91990\.p2\pool\plugins\org.eclipse.m2e.maven.runtime_3.9.700.20240602-2313\jars\maven-compat-3.9.7.jar
2024-10-18 11:34:45,812 [Worker-12: Launching mavenrun-a0d59c00-2e1a-42c6-b833-172c98cbfe9e] INFO  o.eclipse.m2e.core.internal.Bundles - 	Entry: C:\Users\91990\.p2\pool\plugins\org.eclipse.m2e.maven.runtime_3.9.700.20240602-2313\jars\maven-core-3.9.7.jar
2024-10-18 11:34:45,812 [Worker-12: Launching mavenrun-a0d59c00-2e1a-42c6-b833-172c98cbfe9e] INFO  o.eclipse.m2e.core.internal.Bundles - 	Entry: C:\Users\91990\.p2\pool\plugins\org.eclipse.m2e.maven.runtime_3.9.700.20240602-2313\jars\maven-embedder-3.9.7.jar
2024-10-18 11:34:45,813 [Worker-12: Launching mavenrun-a0d59c00-2e1a-42c6-b833-172c98cbfe9e] INFO  o.eclipse.m2e.core.internal.Bundles - 	Entry: C:\Users\91990\.p2\pool\plugins\org.eclipse.m2e.maven.runtime_3.9.700.20240602-2313\jars\maven-model-3.9.7.jar
2024-10-18 11:34:45,813 [Worker-12: Launching mavenrun-a0d59c00-2e1a-42c6-b833-172c98cbfe9e] INFO  o.eclipse.m2e.core.internal.Bundles - 	Entry: C:\Users\91990\.p2\pool\plugins\org.eclipse.m2e.maven.runtime_3.9.700.20240602-2313\jars\maven-model-builder-3.9.7.jar
2024-10-18 11:34:45,813 [Worker-12: Launching mavenrun-a0d59c00-2e1a-42c6-b833-172c98cbfe9e] INFO  o.eclipse.m2e.core.internal.Bundles - 	Entry: C:\Users\91990\.p2\pool\plugins\org.eclipse.m2e.maven.runtime_3.9.700.20240602-2313\jars\maven-plugin-api-3.9.7.jar
2024-10-18 11:34:45,813 [Worker-12: Launching mavenrun-a0d59c00-2e1a-42c6-b833-172c98cbfe9e] INFO  o.eclipse.m2e.core.internal.Bundles - 	Entry: C:\Users\91990\.p2\pool\plugins\org.eclipse.m2e.maven.runtime_3.9.700.20240602-2313\jars\maven-repository-metadata-3.9.7.jar
2024-10-18 11:34:45,813 [Worker-12: Launching mavenrun-a0d59c00-2e1a-42c6-b833-172c98cbfe9e] INFO  o.eclipse.m2e.core.internal.Bundles - 	Entry: C:\Users\91990\.p2\pool\plugins\org.eclipse.m2e.maven.runtime_3.9.700.20240602-2313\jars\maven-resolver-api-1.9.20.jar
2024-10-18 11:34:45,814 [Worker-12: Launching mavenrun-a0d59c00-2e1a-42c6-b833-172c98cbfe9e] INFO  o.eclipse.m2e.core.internal.Bundles - 	Entry: C:\Users\91990\.p2\pool\plugins\org.eclipse.m2e.maven.runtime_3.9.700.20240602-2313\jars\maven-resolver-connector-basic-1.9.20.jar
2024-10-18 11:34:45,814 [Worker-12: Launching mavenrun-a0d59c00-2e1a-42c6-b833-172c98cbfe9e] INFO  o.eclipse.m2e.core.internal.Bundles - 	Entry: C:\Users\91990\.p2\pool\plugins\org.eclipse.m2e.maven.runtime_3.9.700.20240602-2313\jars\maven-resolver-impl-1.9.20.jar
2024-10-18 11:34:45,814 [Worker-12: Launching mavenrun-a0d59c00-2e1a-42c6-b833-172c98cbfe9e] INFO  o.eclipse.m2e.core.internal.Bundles - 	Entry: C:\Users\91990\.p2\pool\plugins\org.eclipse.m2e.maven.runtime_3.9.700.20240602-2313\jars\maven-resolver-named-locks-1.9.20.jar
2024-10-18 11:34:45,814 [Worker-12: Launching mavenrun-a0d59c00-2e1a-42c6-b833-172c98cbfe9e] INFO  o.eclipse.m2e.core.internal.Bundles - 	Entry: C:\Users\91990\.p2\pool\plugins\org.eclipse.m2e.maven.runtime_3.9.700.20240602-2313\jars\maven-resolver-provider-3.9.7.jar
2024-10-18 11:34:45,814 [Worker-12: Launching mavenrun-a0d59c00-2e1a-42c6-b833-172c98cbfe9e] INFO  o.eclipse.m2e.core.internal.Bundles - 	Entry: C:\Users\91990\.p2\pool\plugins\org.eclipse.m2e.maven.runtime_3.9.700.20240602-2313\jars\maven-resolver-spi-1.9.20.jar
2024-10-18 11:34:45,814 [Worker-12: Launching mavenrun-a0d59c00-2e1a-42c6-b833-172c98cbfe9e] INFO  o.eclipse.m2e.core.internal.Bundles - 	Entry: C:\Users\91990\.p2\pool\plugins\org.eclipse.m2e.maven.runtime_3.9.700.20240602-2313\jars\maven-resolver-transport-file-1.9.20.jar
2024-10-18 11:34:45,815 [Worker-12: Launching mavenrun-a0d59c00-2e1a-42c6-b833-172c98cbfe9e] INFO  o.eclipse.m2e.core.internal.Bundles - 	Entry: C:\Users\91990\.p2\pool\plugins\org.eclipse.m2e.maven.runtime_3.9.700.20240602-2313\jars\maven-resolver-transport-http-1.9.20.jar
2024-10-18 11:34:45,815 [Worker-12: Launching mavenrun-a0d59c00-2e1a-42c6-b833-172c98cbfe9e] INFO  o.eclipse.m2e.core.internal.Bundles - 	Entry: C:\Users\91990\.p2\pool\plugins\org.eclipse.m2e.maven.runtime_3.9.700.20240602-2313\jars\maven-resolver-transport-wagon-1.9.20.jar
2024-10-18 11:34:45,815 [Worker-12: Launching mavenrun-a0d59c00-2e1a-42c6-b833-172c98cbfe9e] INFO  o.eclipse.m2e.core.internal.Bundles - 	Entry: C:\Users\91990\.p2\pool\plugins\org.eclipse.m2e.maven.runtime_3.9.700.20240602-2313\jars\maven-resolver-util-1.9.20.jar
2024-10-18 11:34:45,815 [Worker-12: Launching mavenrun-a0d59c00-2e1a-42c6-b833-172c98cbfe9e] INFO  o.eclipse.m2e.core.internal.Bundles - 	Entry: C:\Users\91990\.p2\pool\plugins\org.eclipse.m2e.maven.runtime_3.9.700.20240602-2313\jars\maven-settings-3.9.7.jar
2024-10-18 11:34:45,815 [Worker-12: Launching mavenrun-a0d59c00-2e1a-42c6-b833-172c98cbfe9e] INFO  o.eclipse.m2e.core.internal.Bundles - 	Entry: C:\Users\91990\.p2\pool\plugins\org.eclipse.m2e.maven.runtime_3.9.700.20240602-2313\jars\maven-settings-builder-3.9.7.jar
2024-10-18 11:34:45,816 [Worker-12: Launching mavenrun-a0d59c00-2e1a-42c6-b833-172c98cbfe9e] INFO  o.eclipse.m2e.core.internal.Bundles - 	Entry: C:\Users\91990\.p2\pool\plugins\org.eclipse.m2e.maven.runtime_3.9.700.20240602-2313\jars\maven-shared-utils-3.4.2.jar
2024-10-18 11:34:45,816 [Worker-12: Launching mavenrun-a0d59c00-2e1a-42c6-b833-172c98cbfe9e] INFO  o.eclipse.m2e.core.internal.Bundles - 	Entry: C:\Users\91990\.p2\pool\plugins\org.eclipse.m2e.maven.runtime_3.9.700.20240602-2313\jars\org.eclipse.sisu.inject-0.9.0.M2.jar
2024-10-18 11:34:45,816 [Worker-12: Launching mavenrun-a0d59c00-2e1a-42c6-b833-172c98cbfe9e] INFO  o.eclipse.m2e.core.internal.Bundles - 	Entry: C:\Users\91990\.p2\pool\plugins\org.eclipse.m2e.maven.runtime_3.9.700.20240602-2313\jars\org.eclipse.sisu.plexus-0.9.0.M2.jar
2024-10-18 11:34:45,816 [Worker-12: Launching mavenrun-a0d59c00-2e1a-42c6-b833-172c98cbfe9e] INFO  o.eclipse.m2e.core.internal.Bundles - 	Entry: C:\Users\91990\.p2\pool\plugins\org.eclipse.m2e.maven.runtime_3.9.700.20240602-2313\jars\plexus-build-api-0.0.7.jar
2024-10-18 11:34:45,816 [Worker-12: Launching mavenrun-a0d59c00-2e1a-42c6-b833-172c98cbfe9e] INFO  o.eclipse.m2e.core.internal.Bundles - 	Entry: C:\Users\91990\.p2\pool\plugins\org.eclipse.m2e.maven.runtime_3.9.700.20240602-2313\jars\plexus-build-api-1.2.0.jar
2024-10-18 11:34:45,816 [Worker-12: Launching mavenrun-a0d59c00-2e1a-42c6-b833-172c98cbfe9e] INFO  o.eclipse.m2e.core.internal.Bundles - 	Entry: C:\Users\91990\.p2\pool\plugins\org.eclipse.m2e.maven.runtime_3.9.700.20240602-2313\jars\plexus-cipher-2.0.jar
2024-10-18 11:34:45,817 [Worker-12: Launching mavenrun-a0d59c00-2e1a-42c6-b833-172c98cbfe9e] INFO  o.eclipse.m2e.core.internal.Bundles - 	Entry: C:\Users\91990\.p2\pool\plugins\org.eclipse.m2e.maven.runtime_3.9.700.20240602-2313\jars\plexus-classworlds-2.8.0.jar
2024-10-18 11:34:45,817 [Worker-12: Launching mavenrun-a0d59c00-2e1a-42c6-b833-172c98cbfe9e] INFO  o.eclipse.m2e.core.internal.Bundles - 	Entry: C:\Users\91990\.p2\pool\plugins\org.eclipse.m2e.maven.runtime_3.9.700.20240602-2313\jars\plexus-component-annotations-2.1.0.jar
2024-10-18 11:34:45,817 [Worker-12: Launching mavenrun-a0d59c00-2e1a-42c6-b833-172c98cbfe9e] INFO  o.eclipse.m2e.core.internal.Bundles - 	Entry: C:\Users\91990\.p2\pool\plugins\org.eclipse.m2e.maven.runtime_3.9.700.20240602-2313\jars\plexus-interpolation-1.27.jar
2024-10-18 11:34:45,817 [Worker-12: Launching mavenrun-a0d59c00-2e1a-42c6-b833-172c98cbfe9e] INFO  o.eclipse.m2e.core.internal.Bundles - 	Entry: C:\Users\91990\.p2\pool\plugins\org.eclipse.m2e.maven.runtime_3.9.700.20240602-2313\jars\plexus-sec-dispatcher-2.0.jar
2024-10-18 11:34:45,817 [Worker-12: Launching mavenrun-a0d59c00-2e1a-42c6-b833-172c98cbfe9e] INFO  o.eclipse.m2e.core.internal.Bundles - 	Entry: C:\Users\91990\.p2\pool\plugins\org.eclipse.m2e.maven.runtime_3.9.700.20240602-2313\jars\plexus-utils-3.5.1.jar
2024-10-18 11:34:45,818 [Worker-12: Launching mavenrun-a0d59c00-2e1a-42c6-b833-172c98cbfe9e] INFO  o.eclipse.m2e.core.internal.Bundles - 	Entry: C:\Users\91990\.p2\pool\plugins\org.eclipse.m2e.maven.runtime_3.9.700.20240602-2313\jars\wagon-file-3.5.3.jar
2024-10-18 11:34:45,818 [Worker-12: Launching mavenrun-a0d59c00-2e1a-42c6-b833-172c98cbfe9e] INFO  o.eclipse.m2e.core.internal.Bundles - 	Entry: C:\Users\91990\.p2\pool\plugins\org.eclipse.m2e.maven.runtime_3.9.700.20240602-2313\jars\wagon-http-3.5.3.jar
2024-10-18 11:34:45,818 [Worker-12: Launching mavenrun-a0d59c00-2e1a-42c6-b833-172c98cbfe9e] INFO  o.eclipse.m2e.core.internal.Bundles - 	Entry: C:\Users\91990\.p2\pool\plugins\org.eclipse.m2e.maven.runtime_3.9.700.20240602-2313\jars\wagon-http-shared-3.5.3.jar
2024-10-18 11:34:45,818 [Worker-12: Launching mavenrun-a0d59c00-2e1a-42c6-b833-172c98cbfe9e] INFO  o.eclipse.m2e.core.internal.Bundles - 	Entry: C:\Users\91990\.p2\pool\plugins\org.eclipse.m2e.maven.runtime_3.9.700.20240602-2313\jars\wagon-provider-api-3.5.3.jar
2024-10-18 11:34:45,820 [Worker-12: Launching mavenrun-a0d59c00-2e1a-42c6-b833-172c98cbfe9e] INFO  o.eclipse.m2e.core.internal.Bundles - getClasspathEntries(Bundle=com.google.guava_33.2.0.jre [16])
2024-10-18 11:34:45,821 [Worker-12: Launching mavenrun-a0d59c00-2e1a-42c6-b833-172c98cbfe9e] INFO  o.eclipse.m2e.core.internal.Bundles - 	Entry: C:\Users\91990\.p2\pool\plugins\com.google.guava_33.2.0.jre.jar
2024-10-18 11:34:45,821 [Worker-12: Launching mavenrun-a0d59c00-2e1a-42c6-b833-172c98cbfe9e] INFO  o.eclipse.m2e.core.internal.Bundles - getClasspathEntries(Bundle=slf4j.api_2.0.16 [1009])
2024-10-18 11:34:45,822 [Worker-12: Launching mavenrun-a0d59c00-2e1a-42c6-b833-172c98cbfe9e] INFO  o.eclipse.m2e.core.internal.Bundles - 	Entry: C:\Users\91990\.p2\pool\plugins\slf4j.api_2.0.16.jar
2024-10-18 11:34:45,822 [Worker-12: Launching mavenrun-a0d59c00-2e1a-42c6-b833-172c98cbfe9e] INFO  o.eclipse.m2e.core.internal.Bundles - getClasspathEntries(Bundle=jakarta.inject.jakarta.inject-api_1.0.5 [33])
2024-10-18 11:34:45,822 [Worker-12: Launching mavenrun-a0d59c00-2e1a-42c6-b833-172c98cbfe9e] INFO  o.eclipse.m2e.core.internal.Bundles - 	Entry: C:\Users\91990\.p2\pool\plugins\jakarta.inject.jakarta.inject-api_1.0.5.jar
2024-10-18 11:34:45,823 [Worker-12: Launching mavenrun-a0d59c00-2e1a-42c6-b833-172c98cbfe9e] INFO  o.eclipse.m2e.core.internal.Bundles - getClasspathEntries(Bundle=javax.annotation_1.3.5.v20200909-1856 [44])
2024-10-18 11:34:45,824 [Worker-12: Launching mavenrun-a0d59c00-2e1a-42c6-b833-172c98cbfe9e] INFO  o.eclipse.m2e.core.internal.Bundles - 	Entry: C:\Users\91990\.p2\pool\plugins\javax.annotation_1.3.5.v20200909-1856.jar
2024-10-18 11:34:45,825 [Worker-12: Launching mavenrun-a0d59c00-2e1a-42c6-b833-172c98cbfe9e] INFO  o.eclipse.m2e.core.internal.Bundles - getClasspathEntries(Bundle=org.apache.commons.cli_1.8.0 [78])
2024-10-18 11:34:45,825 [Worker-12: Launching mavenrun-a0d59c00-2e1a-42c6-b833-172c98cbfe9e] INFO  o.eclipse.m2e.core.internal.Bundles - 	Entry: C:\Users\91990\.p2\pool\plugins\org.apache.commons.cli_1.8.0.jar
2024-10-18 11:34:45,825 [Worker-12: Launching mavenrun-a0d59c00-2e1a-42c6-b833-172c98cbfe9e] INFO  o.eclipse.m2e.core.internal.Bundles - getClasspathEntries(Bundle=org.apache.commons.commons-codec_1.16.0 [81])
2024-10-18 11:34:45,825 [Worker-12: Launching mavenrun-a0d59c00-2e1a-42c6-b833-172c98cbfe9e] INFO  o.eclipse.m2e.core.internal.Bundles - 	Entry: C:\Users\91990\.p2\pool\plugins\org.apache.commons.commons-codec_1.16.0.jar
2024-10-18 11:34:45,826 [Worker-12: Launching mavenrun-a0d59c00-2e1a-42c6-b833-172c98cbfe9e] INFO  o.eclipse.m2e.core.internal.Bundles - getClasspathEntries(Bundle=org.apache.commons.lang3_3.14.0 [89])
2024-10-18 11:34:45,826 [Worker-12: Launching mavenrun-a0d59c00-2e1a-42c6-b833-172c98cbfe9e] INFO  o.eclipse.m2e.core.internal.Bundles - 	Entry: C:\Users\91990\.p2\pool\plugins\org.apache.commons.lang3_3.14.0.jar
2024-10-18 11:34:45,826 [Worker-12: Launching mavenrun-a0d59c00-2e1a-42c6-b833-172c98cbfe9e] INFO  o.eclipse.m2e.core.internal.Bundles - getClasspathEntries(Bundle=com.google.guava.failureaccess_1.0.2 [17])
2024-10-18 11:34:45,826 [Worker-12: Launching mavenrun-a0d59c00-2e1a-42c6-b833-172c98cbfe9e] INFO  o.eclipse.m2e.core.internal.Bundles - 	Entry: C:\Users\91990\.p2\pool\plugins\com.google.guava.failureaccess_1.0.2.jar
2024-10-18 11:34:45,842 [Worker-12: Launching mavenrun-a0d59c00-2e1a-42c6-b833-172c98cbfe9e] INFO  o.e.m.i.launch.MavenLaunchDelegate - Run build in "C:\Users\91990\AppData\Local\Temp\m2e-archetypeGenerator13992280661657782835":
2024-10-18 11:34:45,848 [Worker-12: Launching mavenrun-a0d59c00-2e1a-42c6-b833-172c98cbfe9e] INFO  o.e.m.i.launch.MavenLaunchDelegate -  mvn  -DarchetypeGroupId=org.apache.maven.archetypes -DarchetypeArtifactId=maven-archetype-webapp -DarchetypeVersion=1.5 -DgroupId=org.jsp -DartifactId=ems -Dversion=0.0.1-SNAPSHOT -Dpackage=org.jsp.ems -DoutputDirectory="C:\Users\91990\Desktop\j2EE test" -Dstyle.color=always -U archetype:generate
2024-10-18 11:35:31,427 [Worker-8: Creating maven-archetype-webapp] INFO  o.e.m.c.i.p.ProjectConfigurationManager - Collecting project info '/pom.xml' C:\Users\91990\Desktop\j2EE test\ems\pom.xml
2024-10-18 11:35:32,888 [Worker-8: Creating maven-archetype-webapp] INFO  o.e.m.c.i.l.LifecycleMappingFactory - Using org.maven.ide.eclipse.wtp.WarLifecycleMapping lifecycle mapping for MavenProject: org.jsp:ems:0.0.1-SNAPSHOT @ C:\Users\91990\Desktop\j2EE test\ems\pom.xml.
2024-10-18 11:35:34,669 [Worker-8: Creating maven-archetype-webapp] INFO  o.e.m.j.i.AbstractJavaProjectConfigurator - Adding source folder /ems/src/main/java
2024-10-18 11:35:34,675 [Worker-8: Creating maven-archetype-webapp] INFO  o.e.m.j.i.AbstractJavaProjectConfigurator - Adding resource folder /ems/src/main/resources
2024-10-18 11:35:34,676 [Worker-8: Creating maven-archetype-webapp] INFO  o.e.m.j.i.AbstractJavaProjectConfigurator - Adding source folder /ems/src/test/java
2024-10-18 11:35:34,678 [Worker-8: Creating maven-archetype-webapp] INFO  o.e.m.j.i.AbstractJavaProjectConfigurator - Adding resource folder /ems/src/test/resources
2024-10-18 11:35:37,115 [Worker-8: Creating maven-archetype-webapp] INFO  o.e.m.c.i.p.ProjectConfigurationManager - Imported and configured 1 project(s) in 5 sec
2024-10-18 11:35:37,938 [Worker-17: Building] INFO  o.a.m.s.f.DefaultMavenResourcesFiltering - skip non existing resourceDirectory C:\Users\91990\Desktop\j2EE test\ems\src\main\resources
2024-10-18 11:35:37,946 [Worker-17: Building] INFO  o.a.m.s.f.DefaultMavenResourcesFiltering - skip non existing resourceDirectory C:\Users\91990\Desktop\j2EE test\ems\src\test\resources
2024-10-18 11:36:09,911 [Worker-10: Building] INFO  o.a.m.s.f.DefaultMavenResourcesFiltering - Copying 0 resource from src\main\resources to target\classes
2024-10-18 11:36:09,917 [Worker-10: Building] INFO  o.a.m.s.f.DefaultMavenResourcesFiltering - Copying 0 resource from src\test\resources to target\test-classes
2024-10-18 11:41:19,356 [Worker-26: Building] INFO  o.a.m.s.f.DefaultMavenResourcesFiltering - Copying 0 resource from src\main\resources to target\classes
2024-10-18 11:41:19,365 [Worker-26: Building] INFO  o.a.m.s.f.DefaultMavenResourcesFiltering - Copying 0 resource from src\test\resources to target\test-classes
2024-10-18 11:41:51,641 [Worker-24: Building] INFO  o.a.m.s.f.DefaultMavenResourcesFiltering - Copying 0 resource from src\main\resources to target\classes
2024-10-18 11:41:51,646 [Worker-24: Building] INFO  o.a.m.s.f.DefaultMavenResourcesFiltering - Copying 0 resource from src\test\resources to target\test-classes
2024-10-18 11:46:44,792 [Worker-30: Building] INFO  o.a.m.s.f.DefaultMavenResourcesFiltering - Copying 0 resource from src\main\resources to target\classes
2024-10-18 11:46:44,805 [Worker-30: Building] INFO  o.a.m.s.f.DefaultMavenResourcesFiltering - Copying 0 resource from src\test\resources to target\test-classes
2024-10-18 11:46:52,008 [Worker-23: Building] INFO  o.a.m.s.f.DefaultMavenResourcesFiltering - Copying 0 resource from src\main\resources to target\classes
2024-10-18 11:46:52,015 [Worker-23: Building] INFO  o.a.m.s.f.DefaultMavenResourcesFiltering - Copying 0 resource from src\test\resources to target\test-classes
2024-10-18 11:50:30,251 [Worker-33: Building] INFO  o.a.m.s.f.DefaultMavenResourcesFiltering - Copying 0 resource from src\main\resources to target\classes
2024-10-18 11:50:30,291 [Worker-33: Building] INFO  o.a.m.s.f.DefaultMavenResourcesFiltering - Copying 0 resource from src\test\resources to target\test-classes
2024-10-18 11:55:26,976 [Worker-39: Building] INFO  o.e.m.c.i.l.LifecycleMappingFactory - Using org.maven.ide.eclipse.wtp.WarLifecycleMapping lifecycle mapping for MavenProject: org.jsp:ems:0.0.1-SNAPSHOT @ C:\Users\91990\Desktop\j2EE test\ems\pom.xml.
2024-10-18 11:55:28,997 [Worker-39: Building] INFO  o.a.m.s.f.DefaultMavenResourcesFiltering - Copying 0 resource from src\main\resources to target\classes
2024-10-18 11:55:29,032 [Worker-39: Building] INFO  o.a.m.s.f.DefaultMavenResourcesFiltering - Copying 0 resource from src\test\resources to target\test-classes
2024-10-18 11:55:29,035 [Worker-39: Building] INFO  o.e.m.w.i.f.ResourceFilteringBuildParticipant - Changed resources require a complete clean of filtered resources of ems
2024-10-18 11:55:29,044 [Worker-39: Building] INFO  o.e.m.w.i.f.ResourceFilteringBuildParticipant - Executing resource filtering for ems
2024-10-18 12:01:01,312 [Worker-43: Building] INFO  o.e.m.c.i.l.LifecycleMappingFactory - Using org.maven.ide.eclipse.wtp.WarLifecycleMapping lifecycle mapping for MavenProject: org.jsp:ems:0.0.1-SNAPSHOT @ C:\Users\91990\Desktop\j2EE test\ems\pom.xml.
2024-10-18 12:01:02,909 [Worker-43: Building] INFO  o.a.m.s.f.DefaultMavenResourcesFiltering - Copying 0 resource from src\main\resources to target\classes
2024-10-18 12:01:02,932 [Worker-43: Building] INFO  o.a.m.s.f.DefaultMavenResourcesFiltering - Copying 0 resource from src\test\resources to target\test-classes
2024-10-18 12:01:02,933 [Worker-43: Building] INFO  o.e.m.w.i.f.ResourceFilteringBuildParticipant - Changed resources require a complete clean of filtered resources of ems
2024-10-18 12:01:02,933 [Worker-43: Building] INFO  o.e.m.w.i.f.ResourceFilteringBuildParticipant - Executing resource filtering for ems
2024-10-18 12:02:33,330 [Worker-42: Building] INFO  o.a.m.s.f.DefaultMavenResourcesFiltering - Copying 0 resource from src\main\resources to target\classes
2024-10-18 12:02:33,346 [Worker-42: Building] INFO  o.a.m.s.f.DefaultMavenResourcesFiltering - Copying 0 resource from src\test\resources to target\test-classes
2024-10-18 12:05:38,555 [Worker-45: Building] INFO  o.a.m.s.f.DefaultMavenResourcesFiltering - Copying 0 resource from src\main\resources to target\classes
2024-10-18 12:05:38,580 [Worker-45: Building] INFO  o.a.m.s.f.DefaultMavenResourcesFiltering - Copying 0 resource from src\test\resources to target\test-classes
2024-10-18 12:14:56,309 [Worker-55: Building] INFO  o.a.m.s.f.DefaultMavenResourcesFiltering - Copying 0 resource from src\main\resources to target\classes
2024-10-18 12:14:56,337 [Worker-55: Building] INFO  o.a.m.s.f.DefaultMavenResourcesFiltering - Copying 0 resource from src\test\resources to target\test-classes
2024-10-18 12:15:00,955 [Worker-51: Building] INFO  o.a.m.s.f.DefaultMavenResourcesFiltering - Copying 0 resource from src\main\resources to target\classes
2024-10-18 12:15:00,970 [Worker-51: Building] INFO  o.a.m.s.f.DefaultMavenResourcesFiltering - Copying 0 resource from src\test\resources to target\test-classes
2024-10-18 12:15:20,708 [Worker-51: Building] INFO  o.a.m.s.f.DefaultMavenResourcesFiltering - Copying 0 resource from src\main\resources to target\classes
2024-10-18 12:15:20,718 [Worker-51: Building] INFO  o.a.m.s.f.DefaultMavenResourcesFiltering - Copying 0 resource from src\test\resources to target\test-classes
2024-10-18 12:18:20,511 [Worker-55: Building] INFO  o.a.m.s.f.DefaultMavenResourcesFiltering - Copying 0 resource from src\main\resources to target\classes
2024-10-18 12:18:20,521 [Worker-55: Building] INFO  o.a.m.s.f.DefaultMavenResourcesFiltering - Copying 0 resource from src\test\resources to target\test-classes
2024-10-18 12:19:14,005 [Worker-55: Building] INFO  o.a.m.s.f.DefaultMavenResourcesFiltering - Copying 0 resource from src\main\resources to target\classes
2024-10-18 12:19:14,012 [Worker-55: Building] INFO  o.a.m.s.f.DefaultMavenResourcesFiltering - Copying 0 resource from src\test\resources to target\test-classes
2024-10-18 12:20:33,618 [Worker-59: Building] INFO  o.a.m.s.f.DefaultMavenResourcesFiltering - Copying 0 resource from src\main\resources to target\classes
2024-10-18 12:20:33,634 [Worker-59: Building] INFO  o.a.m.s.f.DefaultMavenResourcesFiltering - Copying 0 resource from src\test\resources to target\test-classes
2024-10-18 12:20:50,809 [Worker-59: Building] INFO  o.a.m.s.f.DefaultMavenResourcesFiltering - Copying 0 resource from src\main\resources to target\classes
2024-10-18 12:20:50,823 [Worker-59: Building] INFO  o.a.m.s.f.DefaultMavenResourcesFiltering - Copying 0 resource from src\test\resources to target\test-classes
2024-10-18 12:21:25,941 [Worker-55: Building] INFO  o.a.m.s.f.DefaultMavenResourcesFiltering - Copying 0 resource from src\main\resources to target\classes
2024-10-18 12:21:25,952 [Worker-55: Building] INFO  o.a.m.s.f.DefaultMavenResourcesFiltering - Copying 0 resource from src\test\resources to target\test-classes
2024-10-18 12:21:53,372 [Worker-58: Building] INFO  o.a.m.s.f.DefaultMavenResourcesFiltering - Copying 0 resource from src\main\resources to target\classes
2024-10-18 12:21:53,386 [Worker-58: Building] INFO  o.a.m.s.f.DefaultMavenResourcesFiltering - Copying 0 resource from src\test\resources to target\test-classes
2024-10-18 12:22:23,450 [Worker-58: Building] INFO  o.a.m.s.f.DefaultMavenResourcesFiltering - Copying 0 resource from src\main\resources to target\classes
2024-10-18 12:22:23,466 [Worker-58: Building] INFO  o.a.m.s.f.DefaultMavenResourcesFiltering - Copying 0 resource from src\test\resources to target\test-classes
2024-10-18 12:22:44,743 [Worker-60: Building] INFO  o.a.m.s.f.DefaultMavenResourcesFiltering - Copying 0 resource from src\main\resources to target\classes
2024-10-18 12:22:44,749 [Worker-60: Building] INFO  o.a.m.s.f.DefaultMavenResourcesFiltering - Copying 0 resource from src\test\resources to target\test-classes
2024-10-18 12:22:58,193 [Worker-58: Building] INFO  o.a.m.s.f.DefaultMavenResourcesFiltering - Copying 0 resource from src\main\resources to target\classes
2024-10-18 12:22:58,219 [Worker-58: Building] INFO  o.a.m.s.f.DefaultMavenResourcesFiltering - Copying 0 resource from src\test\resources to target\test-classes
2024-10-18 12:23:05,132 [Worker-57: Building] INFO  o.a.m.s.f.DefaultMavenResourcesFiltering - Copying 0 resource from src\main\resources to target\classes
2024-10-18 12:23:05,145 [Worker-57: Building] INFO  o.a.m.s.f.DefaultMavenResourcesFiltering - Copying 0 resource from src\test\resources to target\test-classes
2024-10-18 12:23:30,615 [Worker-55: Building] INFO  o.a.m.s.f.DefaultMavenResourcesFiltering - Copying 0 resource from src\main\resources to target\classes
2024-10-18 12:23:30,639 [Worker-55: Building] INFO  o.a.m.s.f.DefaultMavenResourcesFiltering - Copying 0 resource from src\test\resources to target\test-classes
2024-10-18 12:24:44,998 [Worker-59: Building] INFO  o.a.m.s.f.DefaultMavenResourcesFiltering - Copying 0 resource from src\main\resources to target\classes
2024-10-18 12:24:45,022 [Worker-59: Building] INFO  o.a.m.s.f.DefaultMavenResourcesFiltering - Copying 0 resource from src\test\resources to target\test-classes
2024-10-18 12:25:13,918 [Worker-58: Building] INFO  o.a.m.s.f.DefaultMavenResourcesFiltering - Copying 0 resource from src\main\resources to target\classes
2024-10-18 12:25:13,931 [Worker-58: Building] INFO  o.a.m.s.f.DefaultMavenResourcesFiltering - Copying 0 resource from src\test\resources to target\test-classes
2024-10-18 12:25:29,599 [Worker-55: Building] INFO  o.a.m.s.f.DefaultMavenResourcesFiltering - Copying 0 resource from src\main\resources to target\classes
2024-10-18 12:25:29,615 [Worker-55: Building] INFO  o.a.m.s.f.DefaultMavenResourcesFiltering - Copying 0 resource from src\test\resources to target\test-classes
2024-10-18 12:26:19,286 [Worker-57: Building] INFO  o.a.m.s.f.DefaultMavenResourcesFiltering - Copying 0 resource from src\main\resources to target\classes
2024-10-18 12:26:19,321 [Worker-57: Building] INFO  o.a.m.s.f.DefaultMavenResourcesFiltering - Copying 0 resource from src\test\resources to target\test-classes
2024-10-18 12:28:38,387 [Worker-55: Building] INFO  o.a.m.s.f.DefaultMavenResourcesFiltering - Copying 0 resource from src\main\resources to target\classes
2024-10-18 12:28:38,403 [Worker-55: Building] INFO  o.a.m.s.f.DefaultMavenResourcesFiltering - Copying 0 resource from src\test\resources to target\test-classes
2024-10-18 12:31:01,218 [Worker-57: Building] INFO  o.a.m.s.f.DefaultMavenResourcesFiltering - Copying 0 resource from src\main\resources to target\classes
2024-10-18 12:31:01,230 [Worker-57: Building] INFO  o.a.m.s.f.DefaultMavenResourcesFiltering - Copying 0 resource from src\test\resources to target\test-classes
2024-10-18 12:31:07,611 [Worker-62: Building] INFO  o.a.m.s.f.DefaultMavenResourcesFiltering - Copying 0 resource from src\main\resources to target\classes
2024-10-18 12:31:07,615 [Worker-62: Building] INFO  o.a.m.s.f.DefaultMavenResourcesFiltering - Copying 0 resource from src\test\resources to target\test-classes
2024-10-18 12:31:32,995 [Worker-63: Building] INFO  o.a.m.s.f.DefaultMavenResourcesFiltering - Copying 0 resource from src\main\resources to target\classes
2024-10-18 12:31:32,999 [Worker-63: Building] INFO  o.a.m.s.f.DefaultMavenResourcesFiltering - Copying 0 resource from src\test\resources to target\test-classes
2024-10-18 12:34:11,672 [Worker-57: Building] INFO  o.a.m.s.f.DefaultMavenResourcesFiltering - Copying 0 resource from src\main\resources to target\classes
2024-10-18 12:34:11,687 [Worker-57: Building] INFO  o.a.m.s.f.DefaultMavenResourcesFiltering - Copying 0 resource from src\test\resources to target\test-classes
2024-10-18 12:34:51,303 [Worker-64: Building] INFO  o.a.m.s.f.DefaultMavenResourcesFiltering - Copying 0 resource from src\main\resources to target\classes
2024-10-18 12:34:51,306 [Worker-64: Building] INFO  o.a.m.s.f.DefaultMavenResourcesFiltering - Copying 0 resource from src\test\resources to target\test-classes
2024-10-18 12:35:01,317 [Worker-60: Building] INFO  o.a.m.s.f.DefaultMavenResourcesFiltering - Copying 0 resource from src\main\resources to target\classes
2024-10-18 12:35:01,320 [Worker-60: Building] INFO  o.a.m.s.f.DefaultMavenResourcesFiltering - Copying 0 resource from src\test\resources to target\test-classes
2024-10-18 12:36:41,221 [Worker-57: Building] INFO  o.a.m.s.f.DefaultMavenResourcesFiltering - Copying 0 resource from src\main\resources to target\classes
2024-10-18 12:36:41,228 [Worker-57: Building] INFO  o.a.m.s.f.DefaultMavenResourcesFiltering - Copying 0 resource from src\test\resources to target\test-classes
2024-10-18 12:37:51,587 [Worker-60: Building] INFO  o.a.m.s.f.DefaultMavenResourcesFiltering - Copying 0 resource from src\main\resources to target\classes
2024-10-18 12:37:51,601 [Worker-60: Building] INFO  o.a.m.s.f.DefaultMavenResourcesFiltering - Copying 0 resource from src\test\resources to target\test-classes
2024-10-18 12:37:56,295 [Worker-55: Building] INFO  o.a.m.s.f.DefaultMavenResourcesFiltering - Copying 0 resource from src\main\resources to target\classes
2024-10-18 12:37:56,301 [Worker-55: Building] INFO  o.a.m.s.f.DefaultMavenResourcesFiltering - Copying 0 resource from src\test\resources to target\test-classes
2024-10-18 12:38:06,186 [Worker-60: Building] INFO  o.a.m.s.f.DefaultMavenResourcesFiltering - Copying 0 resource from src\main\resources to target\classes
2024-10-18 12:38:06,197 [Worker-60: Building] INFO  o.a.m.s.f.DefaultMavenResourcesFiltering - Copying 0 resource from src\test\resources to target\test-classes
2024-10-18 12:40:29,614 [Worker-66: Building] INFO  o.a.m.s.f.DefaultMavenResourcesFiltering - Copying 0 resource from src\main\resources to target\classes
2024-10-18 12:40:29,622 [Worker-66: Building] INFO  o.a.m.s.f.DefaultMavenResourcesFiltering - Copying 0 resource from src\test\resources to target\test-classes
2024-10-18 12:44:46,296 [Worker-66: Building] INFO  o.a.m.s.f.DefaultMavenResourcesFiltering - Copying 0 resource from src\main\resources to target\classes
2024-10-18 12:44:46,311 [Worker-66: Building] INFO  o.a.m.s.f.DefaultMavenResourcesFiltering - Copying 0 resource from src\test\resources to target\test-classes
2024-10-18 12:47:14,281 [Worker-63: Building] INFO  o.a.m.s.f.DefaultMavenResourcesFiltering - Copying 0 resource from src\main\resources to target\classes
2024-10-18 12:47:14,356 [Worker-63: Building] INFO  o.a.m.s.f.DefaultMavenResourcesFiltering - Copying 0 resource from src\test\resources to target\test-classes
2024-10-18 12:48:51,096 [Worker-70: Building] INFO  o.a.m.s.f.DefaultMavenResourcesFiltering - Copying 0 resource from src\main\resources to target\classes
2024-10-18 12:48:51,133 [Worker-70: Building] INFO  o.a.m.s.f.DefaultMavenResourcesFiltering - Copying 0 resource from src\test\resources to target\test-classes
2024-10-18 12:58:18,789 [Worker-75: Building] INFO  o.a.m.s.f.DefaultMavenResourcesFiltering - Copying 0 resource from src\main\resources to target\classes
2024-10-18 12:58:18,805 [Worker-75: Building] INFO  o.a.m.s.f.DefaultMavenResourcesFiltering - Copying 0 resource from src\test\resources to target\test-classes
2024-10-18 13:06:02,033 [Worker-78: Building] INFO  o.a.m.s.f.DefaultMavenResourcesFiltering - Copying 0 resource from src\main\resources to target\classes
2024-10-18 13:06:02,069 [Worker-78: Building] INFO  o.a.m.s.f.DefaultMavenResourcesFiltering - Copying 0 resource from src\test\resources to target\test-classes
2024-10-18 13:07:31,073 [Worker-75: Building] INFO  o.a.m.s.f.DefaultMavenResourcesFiltering - Copying 0 resource from src\main\resources to target\classes
2024-10-18 13:07:31,093 [Worker-75: Building] INFO  o.a.m.s.f.DefaultMavenResourcesFiltering - Copying 0 resource from src\test\resources to target\test-classes
2024-10-18 13:08:44,509 [Worker-79: Building] INFO  o.a.m.s.f.DefaultMavenResourcesFiltering - Copying 0 resource from src\main\resources to target\classes
2024-10-18 13:08:44,529 [Worker-79: Building] INFO  o.a.m.s.f.DefaultMavenResourcesFiltering - Copying 0 resource from src\test\resources to target\test-classes
2024-10-18 13:09:01,549 [Worker-78: Building] INFO  o.a.m.s.f.DefaultMavenResourcesFiltering - Copying 0 resource from src\main\resources to target\classes
2024-10-18 13:09:01,561 [Worker-78: Building] INFO  o.a.m.s.f.DefaultMavenResourcesFiltering - Copying 0 resource from src\test\resources to target\test-classes
2024-10-18 13:09:18,648 [Worker-84: Building] INFO  o.a.m.s.f.DefaultMavenResourcesFiltering - Copying 0 resource from src\main\resources to target\classes
2024-10-18 13:09:18,662 [Worker-84: Building] INFO  o.a.m.s.f.DefaultMavenResourcesFiltering - Copying 0 resource from src\test\resources to target\test-classes
2024-10-18 13:11:07,773 [Worker-84: Building] INFO  o.a.m.s.f.DefaultMavenResourcesFiltering - Copying 0 resource from src\main\resources to target\classes
2024-10-18 13:11:07,814 [Worker-84: Building] INFO  o.a.m.s.f.DefaultMavenResourcesFiltering - Copying 0 resource from src\test\resources to target\test-classes
2024-10-18 13:11:15,347 [Worker-84: Building] INFO  o.a.m.s.f.DefaultMavenResourcesFiltering - Copying 0 resource from src\main\resources to target\classes
2024-10-18 13:11:15,357 [Worker-84: Building] INFO  o.a.m.s.f.DefaultMavenResourcesFiltering - Copying 0 resource from src\test\resources to target\test-classes
2024-10-18 13:14:56,477 [Worker-81: Building] INFO  o.a.m.s.f.DefaultMavenResourcesFiltering - Copying 0 resource from src\main\resources to target\classes
2024-10-18 13:14:56,518 [Worker-81: Building] INFO  o.a.m.s.f.DefaultMavenResourcesFiltering - Copying 0 resource from src\test\resources to target\test-classes
2024-10-18 13:15:49,326 [Worker-84: Building] INFO  o.a.m.s.f.DefaultMavenResourcesFiltering - Copying 0 resource from src\main\resources to target\classes
2024-10-18 13:15:49,337 [Worker-84: Building] INFO  o.a.m.s.f.DefaultMavenResourcesFiltering - Copying 0 resource from src\test\resources to target\test-classes
2024-10-18 13:18:53,835 [Worker-89: Building] INFO  o.a.m.s.f.DefaultMavenResourcesFiltering - Copying 0 resource from src\main\resources to target\classes
2024-10-18 13:18:53,868 [Worker-89: Building] INFO  o.a.m.s.f.DefaultMavenResourcesFiltering - Copying 0 resource from src\test\resources to target\test-classes
2024-10-18 13:23:26,010 [Worker-94: Building] INFO  o.a.m.s.f.DefaultMavenResourcesFiltering - Copying 0 resource from src\main\resources to target\classes
2024-10-18 13:23:26,024 [Worker-94: Building] INFO  o.a.m.s.f.DefaultMavenResourcesFiltering - Copying 0 resource from src\test\resources to target\test-classes
2024-10-18 13:26:35,640 [Worker-99: Building] INFO  o.a.m.s.f.DefaultMavenResourcesFiltering - Copying 0 resource from src\main\resources to target\classes
2024-10-18 13:26:35,658 [Worker-99: Building] INFO  o.a.m.s.f.DefaultMavenResourcesFiltering - Copying 0 resource from src\test\resources to target\test-classes
2024-10-18 13:26:47,796 [Worker-98: Building] INFO  o.a.m.s.f.DefaultMavenResourcesFiltering - Copying 0 resource from src\main\resources to target\classes
2024-10-18 13:26:47,807 [Worker-98: Building] INFO  o.a.m.s.f.DefaultMavenResourcesFiltering - Copying 0 resource from src\test\resources to target\test-classes
2024-10-18 13:27:45,168 [Worker-91: Building] INFO  o.a.m.s.f.DefaultMavenResourcesFiltering - Copying 0 resource from src\main\resources to target\classes
2024-10-18 13:27:45,183 [Worker-91: Building] INFO  o.a.m.s.f.DefaultMavenResourcesFiltering - Copying 0 resource from src\test\resources to target\test-classes
2024-10-18 13:27:55,867 [Worker-98: Building] INFO  o.a.m.s.f.DefaultMavenResourcesFiltering - Copying 0 resource from src\main\resources to target\classes
2024-10-18 13:27:55,880 [Worker-98: Building] INFO  o.a.m.s.f.DefaultMavenResourcesFiltering - Copying 0 resource from src\test\resources to target\test-classes
2024-10-18 13:28:26,604 [Worker-101: Building] INFO  o.a.m.s.f.DefaultMavenResourcesFiltering - Copying 0 resource from src\main\resources to target\classes
2024-10-18 13:28:26,614 [Worker-101: Building] INFO  o.a.m.s.f.DefaultMavenResourcesFiltering - Copying 0 resource from src\test\resources to target\test-classes
2024-10-18 13:28:48,461 [Worker-92: Building] INFO  o.a.m.s.f.DefaultMavenResourcesFiltering - Copying 0 resource from src\main\resources to target\classes
2024-10-18 13:28:48,476 [Worker-92: Building] INFO  o.a.m.s.f.DefaultMavenResourcesFiltering - Copying 0 resource from src\test\resources to target\test-classes
2024-10-18 13:31:18,177 [Worker-98: Building] INFO  o.a.m.s.f.DefaultMavenResourcesFiltering - Copying 0 resource from src\main\resources to target\classes
2024-10-18 13:31:18,192 [Worker-98: Building] INFO  o.a.m.s.f.DefaultMavenResourcesFiltering - Copying 0 resource from src\test\resources to target\test-classes
2024-10-18 13:31:27,867 [Worker-92: Building] INFO  o.a.m.s.f.DefaultMavenResourcesFiltering - Copying 0 resource from src\main\resources to target\classes
2024-10-18 13:31:27,900 [Worker-92: Building] INFO  o.a.m.s.f.DefaultMavenResourcesFiltering - Copying 0 resource from src\test\resources to target\test-classes
2024-10-18 13:32:40,832 [Worker-104: Building] INFO  o.a.m.s.f.DefaultMavenResourcesFiltering - Copying 0 resource from src\main\resources to target\classes
2024-10-18 13:32:40,842 [Worker-104: Building] INFO  o.a.m.s.f.DefaultMavenResourcesFiltering - Copying 0 resource from src\test\resources to target\test-classes
2024-10-18 13:36:49,464 [Worker-91: Building] INFO  o.a.m.s.f.DefaultMavenResourcesFiltering - Copying 0 resource from src\main\resources to target\classes
2024-10-18 13:36:49,480 [Worker-91: Building] INFO  o.a.m.s.f.DefaultMavenResourcesFiltering - Copying 0 resource from src\test\resources to target\test-classes
2024-10-18 13:39:12,383 [Worker-110: Building] INFO  o.a.m.s.f.DefaultMavenResourcesFiltering - Copying 0 resource from src\main\resources to target\classes
2024-10-18 13:39:12,406 [Worker-110: Building] INFO  o.a.m.s.f.DefaultMavenResourcesFiltering - Copying 0 resource from src\test\resources to target\test-classes
2024-10-18 13:40:18,455 [Worker-111: Building] INFO  o.a.m.s.f.DefaultMavenResourcesFiltering - Copying 0 resource from src\main\resources to target\classes
2024-10-18 13:40:18,491 [Worker-111: Building] INFO  o.a.m.s.f.DefaultMavenResourcesFiltering - Copying 0 resource from src\test\resources to target\test-classes
2024-10-18 13:41:36,725 [Worker-112: Building] INFO  o.a.m.s.f.DefaultMavenResourcesFiltering - Copying 0 resource from src\main\resources to target\classes
2024-10-18 13:41:36,737 [Worker-112: Building] INFO  o.a.m.s.f.DefaultMavenResourcesFiltering - Copying 0 resource from src\test\resources to target\test-classes
2024-10-18 13:42:14,073 [Worker-109: Building] INFO  o.a.m.s.f.DefaultMavenResourcesFiltering - Copying 0 resource from src\main\resources to target\classes
2024-10-18 13:42:14,084 [Worker-109: Building] INFO  o.a.m.s.f.DefaultMavenResourcesFiltering - Copying 0 resource from src\test\resources to target\test-classes
2024-10-18 13:43:48,821 [Worker-108: Building] INFO  o.a.m.s.f.DefaultMavenResourcesFiltering - Copying 0 resource from src\main\resources to target\classes
2024-10-18 13:43:48,845 [Worker-108: Building] INFO  o.a.m.s.f.DefaultMavenResourcesFiltering - Copying 0 resource from src\test\resources to target\test-classes
2024-10-18 13:44:24,713 [Worker-103: Building] INFO  o.a.m.s.f.DefaultMavenResourcesFiltering - Copying 0 resource from src\main\resources to target\classes
2024-10-18 13:44:24,791 [Worker-103: Building] INFO  o.a.m.s.f.DefaultMavenResourcesFiltering - Copying 0 resource from src\test\resources to target\test-classes
2024-10-18 13:45:03,684 [Worker-108: Building] INFO  o.a.m.s.f.DefaultMavenResourcesFiltering - Copying 0 resource from src\main\resources to target\classes
2024-10-18 13:45:03,705 [Worker-108: Building] INFO  o.a.m.s.f.DefaultMavenResourcesFiltering - Copying 0 resource from src\test\resources to target\test-classes
2024-10-18 13:49:41,614 [Worker-103: Building] INFO  o.a.m.s.f.DefaultMavenResourcesFiltering - Copying 0 resource from src\main\resources to target\classes
2024-10-18 13:49:41,641 [Worker-103: Building] INFO  o.a.m.s.f.DefaultMavenResourcesFiltering - Copying 0 resource from src\test\resources to target\test-classes
2024-10-18 13:51:53,795 [Worker-112: Building] INFO  o.a.m.s.f.DefaultMavenResourcesFiltering - Copying 0 resource from src\main\resources to target\classes
2024-10-18 13:51:53,815 [Worker-112: Building] INFO  o.a.m.s.f.DefaultMavenResourcesFiltering - Copying 0 resource from src\test\resources to target\test-classes
2025-07-30 22:02:07,205 [Worker-3: Loading available Gradle versions] INFO  o.e.b.c.i.u.g.PublishedGradleVersions - Gradle version information cache is up-to-date. Trying to read.
